05-Oct-2024 15:53:19.500 INFO [main] org.apache.catalina.startup.VersionLoggerListener.log Server version name:   Apache Tomcat/9.0.91
05-Oct-2024 15:53:19.506 INFO [main] org.apache.catalina.startup.VersionLoggerListener.log Server built:          Jul 2 2024 12:35:51 UTC
05-Oct-2024 15:53:19.510 INFO [main] org.apache.catalina.startup.VersionLoggerListener.log Server version number: 9.0.91.0
05-Oct-2024 15:53:19.510 INFO [main] org.apache.catalina.startup.VersionLoggerListener.log OS Name:               Windows 10
05-Oct-2024 15:53:19.511 INFO [main] org.apache.catalina.startup.VersionLoggerListener.log OS Version:            10.0
05-Oct-2024 15:53:19.511 INFO [main] org.apache.catalina.startup.VersionLoggerListener.log Architecture:          amd64
05-Oct-2024 15:53:19.511 INFO [main] org.apache.catalina.startup.VersionLoggerListener.log Java Home:             C:\Program Files\Java\jdk-11.0.15.1
05-Oct-2024 15:53:19.512 INFO [main] org.apache.catalina.startup.VersionLoggerListener.log JVM Version:           11.0.15.1+2-LTS-10
05-Oct-2024 15:53:19.512 INFO [main] org.apache.catalina.startup.VersionLoggerListener.log JVM Vendor:            Oracle Corporation
05-Oct-2024 15:53:19.513 INFO [main] org.apache.catalina.startup.VersionLoggerListener.log CATALINA_BASE:         C:\Software\apache-tomcat-9.0.91-windows-x64\apache-tomcat-9.0.91
05-Oct-2024 15:53:19.515 INFO [main] org.apache.catalina.startup.VersionLoggerListener.log CATALINA_HOME:         C:\Software\apache-tomcat-9.0.91-windows-x64\apache-tomcat-9.0.91
05-Oct-2024 15:53:19.575 INFO [main] org.apache.catalina.startup.VersionLoggerListener.log Command line argument: --add-opens=java.base/java.lang=ALL-UNNAMED
05-Oct-2024 15:53:19.577 INFO [main] org.apache.catalina.startup.VersionLoggerListener.log Command line argument: --add-opens=java.base/java.io=ALL-UNNAMED
05-Oct-2024 15:53:19.578 INFO [main] org.apache.catalina.startup.VersionLoggerListener.log Command line argument: --add-opens=java.base/java.util=ALL-UNNAMED
05-Oct-2024 15:53:19.581 INFO [main] org.apache.catalina.startup.VersionLoggerListener.log Command line argument: --add-opens=java.base/java.util.concurrent=ALL-UNNAMED
05-Oct-2024 15:53:19.584 INFO [main] org.apache.catalina.startup.VersionLoggerListener.log Command line argument: --add-opens=java.rmi/sun.rmi.transport=ALL-UNNAMED
05-Oct-2024 15:53:19.586 INFO [main] org.apache.catalina.startup.VersionLoggerListener.log Command line argument: -Djava.util.logging.config.file=C:\Software\apache-tomcat-9.0.91-windows-x64\apache-tomcat-9.0.91\conf\logging.properties
05-Oct-2024 15:53:19.593 INFO [main] org.apache.catalina.startup.VersionLoggerListener.log Command line argument: -Djava.util.logging.manager=org.apache.juli.ClassLoaderLogManager
05-Oct-2024 15:53:19.597 INFO [main] org.apache.catalina.startup.VersionLoggerListener.log Command line argument: -Djdk.tls.ephemeralDHKeySize=2048
05-Oct-2024 15:53:19.598 INFO [main] org.apache.catalina.startup.VersionLoggerListener.log Command line argument: -Djava.protocol.handler.pkgs=org.apache.catalina.webresources
05-Oct-2024 15:53:19.599 INFO [main] org.apache.catalina.startup.VersionLoggerListener.log Command line argument: -Dignore.endorsed.dirs=
05-Oct-2024 15:53:19.601 INFO [main] org.apache.catalina.startup.VersionLoggerListener.log Command line argument: -Dcatalina.base=C:\Software\apache-tomcat-9.0.91-windows-x64\apache-tomcat-9.0.91
05-Oct-2024 15:53:19.605 INFO [main] org.apache.catalina.startup.VersionLoggerListener.log Command line argument: -Dcatalina.home=C:\Software\apache-tomcat-9.0.91-windows-x64\apache-tomcat-9.0.91
05-Oct-2024 15:53:19.609 INFO [main] org.apache.catalina.startup.VersionLoggerListener.log Command line argument: -Djava.io.tmpdir=C:\Software\apache-tomcat-9.0.91-windows-x64\apache-tomcat-9.0.91\temp
05-Oct-2024 15:53:19.627 INFO [main] org.apache.catalina.core.AprLifecycleListener.lifecycleEvent Loaded Apache Tomcat Native library [1.3.0] using APR version [1.7.4].
05-Oct-2024 15:53:19.627 INFO [main] org.apache.catalina.core.AprLifecycleListener.lifecycleEvent APR capabilities: IPv6 [true], sendfile [true], accept filters [false], random [true], UDS [true].
05-Oct-2024 15:53:19.629 INFO [main] org.apache.catalina.core.AprLifecycleListener.lifecycleEvent APR/OpenSSL configuration: useAprConnector [false], useOpenSSL [true]
05-Oct-2024 15:53:19.739 INFO [main] org.apache.catalina.core.AprLifecycleListener.initializeSSL OpenSSL successfully initialized [OpenSSL 3.0.13 30 Jan 2024]
05-Oct-2024 15:53:20.345 INFO [main] org.apache.coyote.AbstractProtocol.init Initializing ProtocolHandler ["http-nio-8080"]
05-Oct-2024 15:53:20.385 INFO [main] org.apache.catalina.startup.Catalina.load Server initialization in [1448] milliseconds
05-Oct-2024 15:53:20.495 INFO [main] org.apache.catalina.core.StandardService.startInternal Starting service [Catalina]
05-Oct-2024 15:53:20.496 INFO [main] org.apache.catalina.core.StandardEngine.startInternal Starting Servlet engine: [Apache Tomcat/9.0.91]
05-Oct-2024 15:53:20.515 INFO [main] org.apache.catalina.startup.HostConfig.deployDirectory Deploying web application directory [C:\Software\apache-tomcat-9.0.91-windows-x64\apache-tomcat-9.0.91\webapps\docs]
05-Oct-2024 15:53:21.575 WARNING [main] org.apache.catalina.util.SessionIdGeneratorBase.createSecureRandom Creation of SecureRandom instance for session ID generation using [SHA1PRNG] took [567] milliseconds.
05-Oct-2024 15:53:21.692 INFO [main] org.apache.catalina.startup.HostConfig.deployDirectory Deployment of web application directory [C:\Software\apache-tomcat-9.0.91-windows-x64\apache-tomcat-9.0.91\webapps\docs] has finished in [1,177] ms
05-Oct-2024 15:53:21.693 INFO [main] org.apache.catalina.startup.HostConfig.deployDirectory Deploying web application directory [C:\Software\apache-tomcat-9.0.91-windows-x64\apache-tomcat-9.0.91\webapps\host-manager]
05-Oct-2024 15:53:21.782 INFO [main] org.apache.catalina.startup.HostConfig.deployDirectory Deployment of web application directory [C:\Software\apache-tomcat-9.0.91-windows-x64\apache-tomcat-9.0.91\webapps\host-manager] has finished in [89] ms
05-Oct-2024 15:53:21.783 INFO [main] org.apache.catalina.startup.HostConfig.deployDirectory Deploying web application directory [C:\Software\apache-tomcat-9.0.91-windows-x64\apache-tomcat-9.0.91\webapps\manager]
05-Oct-2024 15:53:21.845 INFO [main] org.apache.catalina.startup.HostConfig.deployDirectory Deployment of web application directory [C:\Software\apache-tomcat-9.0.91-windows-x64\apache-tomcat-9.0.91\webapps\manager] has finished in [61] ms
05-Oct-2024 15:53:21.846 INFO [main] org.apache.catalina.startup.HostConfig.deployDirectory Deploying web application directory [C:\Software\apache-tomcat-9.0.91-windows-x64\apache-tomcat-9.0.91\webapps\ROOT]
05-Oct-2024 15:53:21.899 INFO [main] org.apache.catalina.startup.HostConfig.deployDirectory Deployment of web application directory [C:\Software\apache-tomcat-9.0.91-windows-x64\apache-tomcat-9.0.91\webapps\ROOT] has finished in [53] ms
05-Oct-2024 15:53:21.911 INFO [main] org.apache.coyote.AbstractProtocol.start Starting ProtocolHandler ["http-nio-8080"]
05-Oct-2024 15:53:22.373 INFO [main] org.apache.catalina.startup.Catalina.start Server startup in [1986] milliseconds
05-Oct-2024 15:53:46.839 SEVERE [main] org.apache.catalina.startup.Catalina.stopServer Could not contact [localhost:8005] (base port [8005] and offset [0]). Tomcat may not be running.
