12-Sep-2024 13:02:11.908 INFO [main] org.apache.catalina.startup.VersionLoggerListener.log Server version name:   Apache Tomcat/9.0.91
12-Sep-2024 13:02:11.913 INFO [main] org.apache.catalina.startup.VersionLoggerListener.log Server built:          Jul 2 2024 12:35:51 UTC
12-Sep-2024 13:02:11.914 INFO [main] org.apache.catalina.startup.VersionLoggerListener.log Server version number: 9.0.91.0
12-Sep-2024 13:02:11.914 INFO [main] org.apache.catalina.startup.VersionLoggerListener.log OS Name:               Windows 10
12-Sep-2024 13:02:11.914 INFO [main] org.apache.catalina.startup.VersionLoggerListener.log OS Version:            10.0
12-Sep-2024 13:02:11.915 INFO [main] org.apache.catalina.startup.VersionLoggerListener.log Architecture:          amd64
12-Sep-2024 13:02:11.915 INFO [main] org.apache.catalina.startup.VersionLoggerListener.log Java Home:             C:\Program Files\Java\jdk-11.0.15.1
12-Sep-2024 13:02:11.915 INFO [main] org.apache.catalina.startup.VersionLoggerListener.log JVM Version:           11.0.15.1+2-LTS-10
12-Sep-2024 13:02:11.916 INFO [main] org.apache.catalina.startup.VersionLoggerListener.log JVM Vendor:            Oracle Corporation
12-Sep-2024 13:02:11.916 INFO [main] org.apache.catalina.startup.VersionLoggerListener.log CATALINA_BASE:         C:\Software\apache-tomcat-9.0.91-windows-x64\apache-tomcat-9.0.91
12-Sep-2024 13:02:11.916 INFO [main] org.apache.catalina.startup.VersionLoggerListener.log CATALINA_HOME:         C:\Software\apache-tomcat-9.0.91-windows-x64\apache-tomcat-9.0.91
12-Sep-2024 13:02:11.954 INFO [main] org.apache.catalina.startup.VersionLoggerListener.log Command line argument: --add-opens=java.base/java.lang=ALL-UNNAMED
12-Sep-2024 13:02:11.955 INFO [main] org.apache.catalina.startup.VersionLoggerListener.log Command line argument: --add-opens=java.base/java.io=ALL-UNNAMED
12-Sep-2024 13:02:11.955 INFO [main] org.apache.catalina.startup.VersionLoggerListener.log Command line argument: --add-opens=java.base/java.util=ALL-UNNAMED
12-Sep-2024 13:02:11.955 INFO [main] org.apache.catalina.startup.VersionLoggerListener.log Command line argument: --add-opens=java.base/java.util.concurrent=ALL-UNNAMED
12-Sep-2024 13:02:11.958 INFO [main] org.apache.catalina.startup.VersionLoggerListener.log Command line argument: --add-opens=java.rmi/sun.rmi.transport=ALL-UNNAMED
12-Sep-2024 13:02:11.960 INFO [main] org.apache.catalina.startup.VersionLoggerListener.log Command line argument: -Djava.util.logging.config.file=C:\Software\apache-tomcat-9.0.91-windows-x64\apache-tomcat-9.0.91\conf\logging.properties
12-Sep-2024 13:02:11.960 INFO [main] org.apache.catalina.startup.VersionLoggerListener.log Command line argument: -Djava.util.logging.manager=org.apache.juli.ClassLoaderLogManager
12-Sep-2024 13:02:11.963 INFO [main] org.apache.catalina.startup.VersionLoggerListener.log Command line argument: -Djdk.tls.ephemeralDHKeySize=2048
12-Sep-2024 13:02:11.963 INFO [main] org.apache.catalina.startup.VersionLoggerListener.log Command line argument: -Djava.protocol.handler.pkgs=org.apache.catalina.webresources
12-Sep-2024 13:02:11.963 INFO [main] org.apache.catalina.startup.VersionLoggerListener.log Command line argument: -Dignore.endorsed.dirs=
12-Sep-2024 13:02:11.966 INFO [main] org.apache.catalina.startup.VersionLoggerListener.log Command line argument: -Dcatalina.base=C:\Software\apache-tomcat-9.0.91-windows-x64\apache-tomcat-9.0.91
12-Sep-2024 13:02:11.968 INFO [main] org.apache.catalina.startup.VersionLoggerListener.log Command line argument: -Dcatalina.home=C:\Software\apache-tomcat-9.0.91-windows-x64\apache-tomcat-9.0.91
12-Sep-2024 13:02:11.968 INFO [main] org.apache.catalina.startup.VersionLoggerListener.log Command line argument: -Djava.io.tmpdir=C:\Software\apache-tomcat-9.0.91-windows-x64\apache-tomcat-9.0.91\temp
12-Sep-2024 13:02:11.979 INFO [main] org.apache.catalina.core.AprLifecycleListener.lifecycleEvent Loaded Apache Tomcat Native library [1.3.0] using APR version [1.7.4].
12-Sep-2024 13:02:11.981 INFO [main] org.apache.catalina.core.AprLifecycleListener.lifecycleEvent APR capabilities: IPv6 [true], sendfile [true], accept filters [false], random [true], UDS [true].
12-Sep-2024 13:02:11.982 INFO [main] org.apache.catalina.core.AprLifecycleListener.lifecycleEvent APR/OpenSSL configuration: useAprConnector [false], useOpenSSL [true]
12-Sep-2024 13:02:11.995 INFO [main] org.apache.catalina.core.AprLifecycleListener.initializeSSL OpenSSL successfully initialized [OpenSSL 3.0.13 30 Jan 2024]
12-Sep-2024 13:02:12.585 INFO [main] org.apache.coyote.AbstractProtocol.init Initializing ProtocolHandler ["http-nio-8080"]
12-Sep-2024 13:02:12.646 INFO [main] org.apache.catalina.startup.Catalina.load Server initialization in [1168] milliseconds
12-Sep-2024 13:02:12.813 INFO [main] org.apache.catalina.core.StandardService.startInternal Starting service [Catalina]
12-Sep-2024 13:02:12.816 INFO [main] org.apache.catalina.core.StandardEngine.startInternal Starting Servlet engine: [Apache Tomcat/9.0.91]
12-Sep-2024 13:02:12.843 INFO [main] org.apache.catalina.startup.HostConfig.deployDirectory Deploying web application directory [C:\Software\apache-tomcat-9.0.91-windows-x64\apache-tomcat-9.0.91\webapps\docs]
12-Sep-2024 13:02:13.956 WARNING [main] org.apache.catalina.util.SessionIdGeneratorBase.createSecureRandom Creation of SecureRandom instance for session ID generation using [SHA1PRNG] took [390] milliseconds.
12-Sep-2024 13:02:14.013 INFO [main] org.apache.catalina.startup.HostConfig.deployDirectory Deployment of web application directory [C:\Software\apache-tomcat-9.0.91-windows-x64\apache-tomcat-9.0.91\webapps\docs] has finished in [1,170] ms
12-Sep-2024 13:02:14.022 INFO [main] org.apache.catalina.startup.HostConfig.deployDirectory Deploying web application directory [C:\Software\apache-tomcat-9.0.91-windows-x64\apache-tomcat-9.0.91\webapps\examples]
12-Sep-2024 13:02:15.277 INFO [main] org.apache.catalina.startup.HostConfig.deployDirectory Deployment of web application directory [C:\Software\apache-tomcat-9.0.91-windows-x64\apache-tomcat-9.0.91\webapps\examples] has finished in [1,255] ms
12-Sep-2024 13:02:15.284 INFO [main] org.apache.catalina.startup.HostConfig.deployDirectory Deploying web application directory [C:\Software\apache-tomcat-9.0.91-windows-x64\apache-tomcat-9.0.91\webapps\host-manager]
12-Sep-2024 13:02:15.359 INFO [main] org.apache.catalina.startup.HostConfig.deployDirectory Deployment of web application directory [C:\Software\apache-tomcat-9.0.91-windows-x64\apache-tomcat-9.0.91\webapps\host-manager] has finished in [76] ms
12-Sep-2024 13:02:15.364 INFO [main] org.apache.catalina.startup.HostConfig.deployDirectory Deploying web application directory [C:\Software\apache-tomcat-9.0.91-windows-x64\apache-tomcat-9.0.91\webapps\manager]
12-Sep-2024 13:02:15.436 INFO [main] org.apache.catalina.startup.HostConfig.deployDirectory Deployment of web application directory [C:\Software\apache-tomcat-9.0.91-windows-x64\apache-tomcat-9.0.91\webapps\manager] has finished in [77] ms
12-Sep-2024 13:02:15.437 INFO [main] org.apache.catalina.startup.HostConfig.deployDirectory Deploying web application directory [C:\Software\apache-tomcat-9.0.91-windows-x64\apache-tomcat-9.0.91\webapps\ROOT]
12-Sep-2024 13:02:15.496 INFO [main] org.apache.catalina.startup.HostConfig.deployDirectory Deployment of web application directory [C:\Software\apache-tomcat-9.0.91-windows-x64\apache-tomcat-9.0.91\webapps\ROOT] has finished in [59] ms
12-Sep-2024 13:02:15.512 INFO [main] org.apache.coyote.AbstractProtocol.start Starting ProtocolHandler ["http-nio-8080"]
12-Sep-2024 13:02:16.114 INFO [main] org.apache.catalina.startup.Catalina.start Server startup in [3464] milliseconds
12-Sep-2024 13:02:46.765 SEVERE [main] org.apache.catalina.startup.Catalina.stopServer Could not contact [localhost:8005] (base port [8005] and offset [0]). Tomcat may not be running.
12-Sep-2024 13:02:52.948 INFO [main] org.apache.catalina.startup.VersionLoggerListener.log Server version name:   Apache Tomcat/9.0.91
12-Sep-2024 13:02:52.953 INFO [main] org.apache.catalina.startup.VersionLoggerListener.log Server built:          Jul 2 2024 12:35:51 UTC
12-Sep-2024 13:02:52.954 INFO [main] org.apache.catalina.startup.VersionLoggerListener.log Server version number: 9.0.91.0
12-Sep-2024 13:02:52.955 INFO [main] org.apache.catalina.startup.VersionLoggerListener.log OS Name:               Windows 10
12-Sep-2024 13:02:52.955 INFO [main] org.apache.catalina.startup.VersionLoggerListener.log OS Version:            10.0
12-Sep-2024 13:02:52.956 INFO [main] org.apache.catalina.startup.VersionLoggerListener.log Architecture:          amd64
12-Sep-2024 13:02:52.956 INFO [main] org.apache.catalina.startup.VersionLoggerListener.log Java Home:             C:\Program Files\Java\jdk-11.0.15.1
12-Sep-2024 13:02:52.956 INFO [main] org.apache.catalina.startup.VersionLoggerListener.log JVM Version:           11.0.15.1+2-LTS-10
12-Sep-2024 13:02:52.956 INFO [main] org.apache.catalina.startup.VersionLoggerListener.log JVM Vendor:            Oracle Corporation
12-Sep-2024 13:02:52.958 INFO [main] org.apache.catalina.startup.VersionLoggerListener.log CATALINA_BASE:         C:\Software\apache-tomcat-9.0.91-windows-x64\apache-tomcat-9.0.91
12-Sep-2024 13:02:52.958 INFO [main] org.apache.catalina.startup.VersionLoggerListener.log CATALINA_HOME:         C:\Software\apache-tomcat-9.0.91-windows-x64\apache-tomcat-9.0.91
12-Sep-2024 13:02:52.980 INFO [main] org.apache.catalina.startup.VersionLoggerListener.log Command line argument: --add-opens=java.base/java.lang=ALL-UNNAMED
12-Sep-2024 13:02:52.980 INFO [main] org.apache.catalina.startup.VersionLoggerListener.log Command line argument: --add-opens=java.base/java.io=ALL-UNNAMED
12-Sep-2024 13:02:52.981 INFO [main] org.apache.catalina.startup.VersionLoggerListener.log Command line argument: --add-opens=java.base/java.util=ALL-UNNAMED
12-Sep-2024 13:02:52.982 INFO [main] org.apache.catalina.startup.VersionLoggerListener.log Command line argument: --add-opens=java.base/java.util.concurrent=ALL-UNNAMED
12-Sep-2024 13:02:52.982 INFO [main] org.apache.catalina.startup.VersionLoggerListener.log Command line argument: --add-opens=java.rmi/sun.rmi.transport=ALL-UNNAMED
12-Sep-2024 13:02:52.982 INFO [main] org.apache.catalina.startup.VersionLoggerListener.log Command line argument: -Djava.util.logging.config.file=C:\Software\apache-tomcat-9.0.91-windows-x64\apache-tomcat-9.0.91\conf\logging.properties
12-Sep-2024 13:02:52.982 INFO [main] org.apache.catalina.startup.VersionLoggerListener.log Command line argument: -Djava.util.logging.manager=org.apache.juli.ClassLoaderLogManager
12-Sep-2024 13:02:52.988 INFO [main] org.apache.catalina.startup.VersionLoggerListener.log Command line argument: -Djdk.tls.ephemeralDHKeySize=2048
12-Sep-2024 13:02:52.989 INFO [main] org.apache.catalina.startup.VersionLoggerListener.log Command line argument: -Djava.protocol.handler.pkgs=org.apache.catalina.webresources
12-Sep-2024 13:02:52.990 INFO [main] org.apache.catalina.startup.VersionLoggerListener.log Command line argument: -Dignore.endorsed.dirs=
12-Sep-2024 13:02:52.991 INFO [main] org.apache.catalina.startup.VersionLoggerListener.log Command line argument: -Dcatalina.base=C:\Software\apache-tomcat-9.0.91-windows-x64\apache-tomcat-9.0.91
12-Sep-2024 13:02:52.991 INFO [main] org.apache.catalina.startup.VersionLoggerListener.log Command line argument: -Dcatalina.home=C:\Software\apache-tomcat-9.0.91-windows-x64\apache-tomcat-9.0.91
12-Sep-2024 13:02:52.995 INFO [main] org.apache.catalina.startup.VersionLoggerListener.log Command line argument: -Djava.io.tmpdir=C:\Software\apache-tomcat-9.0.91-windows-x64\apache-tomcat-9.0.91\temp
12-Sep-2024 13:02:52.998 INFO [main] org.apache.catalina.core.AprLifecycleListener.lifecycleEvent Loaded Apache Tomcat Native library [1.3.0] using APR version [1.7.4].
12-Sep-2024 13:02:53.003 INFO [main] org.apache.catalina.core.AprLifecycleListener.lifecycleEvent APR capabilities: IPv6 [true], sendfile [true], accept filters [false], random [true], UDS [true].
12-Sep-2024 13:02:53.007 INFO [main] org.apache.catalina.core.AprLifecycleListener.lifecycleEvent APR/OpenSSL configuration: useAprConnector [false], useOpenSSL [true]
12-Sep-2024 13:02:53.017 INFO [main] org.apache.catalina.core.AprLifecycleListener.initializeSSL OpenSSL successfully initialized [OpenSSL 3.0.13 30 Jan 2024]
12-Sep-2024 13:02:53.615 INFO [main] org.apache.coyote.AbstractProtocol.init Initializing ProtocolHandler ["http-nio-8080"]
12-Sep-2024 13:02:53.646 INFO [main] org.apache.catalina.startup.Catalina.load Server initialization in [1086] milliseconds
12-Sep-2024 13:02:53.777 INFO [main] org.apache.catalina.core.StandardService.startInternal Starting service [Catalina]
12-Sep-2024 13:02:53.793 INFO [main] org.apache.catalina.core.StandardEngine.startInternal Starting Servlet engine: [Apache Tomcat/9.0.91]
12-Sep-2024 13:02:53.820 INFO [main] org.apache.catalina.startup.HostConfig.deployDirectory Deploying web application directory [C:\Software\apache-tomcat-9.0.91-windows-x64\apache-tomcat-9.0.91\webapps\docs]
12-Sep-2024 13:02:55.064 WARNING [main] org.apache.catalina.util.SessionIdGeneratorBase.createSecureRandom Creation of SecureRandom instance for session ID generation using [SHA1PRNG] took [533] milliseconds.
12-Sep-2024 13:02:55.139 INFO [main] org.apache.catalina.startup.HostConfig.deployDirectory Deployment of web application directory [C:\Software\apache-tomcat-9.0.91-windows-x64\apache-tomcat-9.0.91\webapps\docs] has finished in [1,318] ms
12-Sep-2024 13:02:55.140 INFO [main] org.apache.catalina.startup.HostConfig.deployDirectory Deploying web application directory [C:\Software\apache-tomcat-9.0.91-windows-x64\apache-tomcat-9.0.91\webapps\examples]
